  Compiling CUDA source file main.cu...
  
  C:\BanK\KMUTT\Y3T1\Low Level CUDA\Proj RTX CUDA Game\CudaWinGL\CudaWinGL_starter>"C:\Program Files\NVIDIA GPU Computing Toolkit\CUDA\v12.4\bin\nvcc.exe" -gencode=arch=compute_70,code=\"sm_70,compute_70\" --use-local-env -ccbin "C:\Program Files\Microsoft Visual Studio\2022\Community\VC\Tools\MSVC\14.35.32215\bin\HostX64\x64" -x cu   -I"C:\BanK\KMUTT\Y3T1\Low Level CUDA\Proj RTX CUDA Game\CudaWinGL\CudaWinGL_starter" -I"C:\Program Files\NVIDIA GPU Computing Toolkit\CUDA\v12.4\include" -I"C:\Program Files\NVIDIA GPU Computing Toolkit\CUDA\v12.4\include"  -G   --keep-dir x64\Debug  -maxrregcount=0   --machine 64 --compile -cudart static  -g  -DWIN32 -DWIN64 -D_DEBUG -D_CONSOLE -D_MBCS -Xcompiler "/EHsc /W3 /nologo /Od /FS /Zi /RTC1 /MDd " -Xcompiler "/Fdx64\Debug\vc143.pdb" -o "C:\BanK\KMUTT\Y3T1\Low Level CUDA\Proj RTX CUDA Game\CudaWinGL\CudaWinGL_starter\x64\Debug\main.cu.obj" "C:\BanK\KMUTT\Y3T1\Low Level CUDA\Proj RTX CUDA Game\CudaWinGL\CudaWinGL_starter\main.cu" 
C:\Program Files (x86)\Windows Kits\10\Include\10.0.22000.0\shared\minwindef.h(130): warning C4005: 'APIENTRY': macro redefinition
C:\BanK\KMUTT\Y3T1\Low Level CUDA\Proj RTX CUDA Game\CudaWinGL\CudaWinGL_starter\includes\glm\ext\../detail/type_vec2.hpp(94): warning #20012-D: __device__ annotation is ignored on a function("vec") that is explicitly defaulted on its first declaration
    		__declspec(__device__) __declspec(__host__)  vec() = default;
    		           ^
  
  Remark: The warnings can be suppressed with "-diag-suppress <warning-number>"
  
C:\BanK\KMUTT\Y3T1\Low Level CUDA\Proj RTX CUDA Game\CudaWinGL\CudaWinGL_starter\includes\glm\ext\../detail/type_vec2.hpp(94): warning #20012-D: __host__ annotation is ignored on a function("vec") that is explicitly defaulted on its first declaration
    		__declspec(__device__) __declspec(__host__)  vec() = default;
    		                                  ^
  
C:\BanK\KMUTT\Y3T1\Low Level CUDA\Proj RTX CUDA Game\CudaWinGL\CudaWinGL_starter\includes\glm\ext\../detail/type_vec2.hpp(95): warning #20012-D: __device__ annotation is ignored on a function("vec") that is explicitly defaulted on its first declaration
    		__declspec(__device__) __declspec(__host__)  vec(vec const& v) = default;
    		           ^
  
C:\BanK\KMUTT\Y3T1\Low Level CUDA\Proj RTX CUDA Game\CudaWinGL\CudaWinGL_starter\includes\glm\ext\../detail/type_vec2.hpp(95): warning #20012-D: __host__ annotation is ignored on a function("vec") that is explicitly defaulted on its first declaration
    		__declspec(__device__) __declspec(__host__)  vec(vec const& v) = default;
    		                                  ^
  
C:\BanK\KMUTT\Y3T1\Low Level CUDA\Proj RTX CUDA Game\CudaWinGL\CudaWinGL_starter\includes\glm\ext\../detail/type_vec2.hpp(143): warning #20012-D: __device__ annotation is ignored on a function("operator=") that is explicitly defaulted on its first declaration
    		__declspec(__device__) __declspec(__host__)  vec<2, T, Q> & operator=(vec const& v) = default;
    		           ^
  
C:\BanK\KMUTT\Y3T1\Low Level CUDA\Proj RTX CUDA Game\CudaWinGL\CudaWinGL_starter\includes\glm\ext\../detail/type_vec2.hpp(143): warning #20012-D: __host__ annotation is ignored on a function("operator=") that is explicitly defaulted on its first declaration
    		__declspec(__device__) __declspec(__host__)  vec<2, T, Q> & operator=(vec const& v) = default;
    		                                  ^
  
C:\BanK\KMUTT\Y3T1\Low Level CUDA\Proj RTX CUDA Game\CudaWinGL\CudaWinGL_starter\includes\glm\ext\../detail/type_vec3.hpp(98): warning #20012-D: __device__ annotation is ignored on a function("vec") that is explicitly defaulted on its first declaration
    		__declspec(__device__) __declspec(__host__)  vec() = default;
    		           ^
  
C:\BanK\KMUTT\Y3T1\Low Level CUDA\Proj RTX CUDA Game\CudaWinGL\CudaWinGL_starter\includes\glm\ext\../detail/type_vec3.hpp(98): warning #20012-D: __host__ annotation is ignored on a function("vec") that is explicitly defaulted on its first declaration
    		__declspec(__device__) __declspec(__host__)  vec() = default;
    		                                  ^
  
C:\BanK\KMUTT\Y3T1\Low Level CUDA\Proj RTX CUDA Game\CudaWinGL\CudaWinGL_starter\includes\glm\ext\../detail/type_vec3.hpp(99): warning #20012-D: __device__ annotation is ignored on a function("vec") that is explicitly defaulted on its first declaration
    		__declspec(__device__) __declspec(__host__)  vec(vec const& v) = default;
    		           ^
  
C:\BanK\KMUTT\Y3T1\Low Level CUDA\Proj RTX CUDA Game\CudaWinGL\CudaWinGL_starter\includes\glm\ext\../detail/type_vec3.hpp(99): warning #20012-D: __host__ annotation is ignored on a function("vec") that is explicitly defaulted on its first declaration
    		__declspec(__device__) __declspec(__host__)  vec(vec const& v) = default;
    		                                  ^
  
C:\BanK\KMUTT\Y3T1\Low Level CUDA\Proj RTX CUDA Game\CudaWinGL\CudaWinGL_starter\includes\glm\ext\../detail/type_vec3.hpp(176): warning #20012-D: __device__ annotation is ignored on a function("operator=") that is explicitly defaulted on its first declaration
    		__declspec(__device__) __declspec(__host__)  vec<3, T, Q>& operator=(vec<3, T, Q> const& v) = default;
    		           ^
  
C:\BanK\KMUTT\Y3T1\Low Level CUDA\Proj RTX CUDA Game\CudaWinGL\CudaWinGL_starter\includes\glm\ext\../detail/type_vec3.hpp(176): warning #20012-D: __host__ annotation is ignored on a function("operator=") that is explicitly defaulted on its first declaration
    		__declspec(__device__) __declspec(__host__)  vec<3, T, Q>& operator=(vec<3, T, Q> const& v) = default;
    		                                  ^
  
C:\BanK\KMUTT\Y3T1\Low Level CUDA\Proj RTX CUDA Game\CudaWinGL\CudaWinGL_starter\includes\glm\ext\../detail/type_vec4.hpp(96): warning #20012-D: __device__ annotation is ignored on a function("vec") that is explicitly defaulted on its first declaration
    		__declspec(__device__) __declspec(__host__)  vec() = default;
    		           ^
  
C:\BanK\KMUTT\Y3T1\Low Level CUDA\Proj RTX CUDA Game\CudaWinGL\CudaWinGL_starter\includes\glm\ext\../detail/type_vec4.hpp(96): warning #20012-D: __host__ annotation is ignored on a function("vec") that is explicitly defaulted on its first declaration
    		__declspec(__device__) __declspec(__host__)  vec() = default;
    		                                  ^
  
C:\BanK\KMUTT\Y3T1\Low Level CUDA\Proj RTX CUDA Game\CudaWinGL\CudaWinGL_starter\includes\glm\ext\../detail/type_vec4.hpp(97): warning #20012-D: __device__ annotation is ignored on a function("vec") that is explicitly defaulted on its first declaration
    		__declspec(__device__) __declspec(__host__)  vec(vec<4, T, Q> const& v) = default;
    		           ^
  
C:\BanK\KMUTT\Y3T1\Low Level CUDA\Proj RTX CUDA Game\CudaWinGL\CudaWinGL_starter\includes\glm\ext\../detail/type_vec4.hpp(97): warning #20012-D: __host__ annotation is ignored on a function("vec") that is explicitly defaulted on its first declaration
    		__declspec(__device__) __declspec(__host__)  vec(vec<4, T, Q> const& v) = default;
    		                                  ^
  
C:\BanK\KMUTT\Y3T1\Low Level CUDA\Proj RTX CUDA Game\CudaWinGL\CudaWinGL_starter\includes\glm\ext\../detail/type_vec4.hpp(248): warning #20012-D: __device__ annotation is ignored on a function("operator=") that is explicitly defaulted on its first declaration
    		__declspec(__device__) __declspec(__host__)  vec<4, T, Q>& operator=(vec<4, T, Q> const& v) = default;
    		           ^
  
C:\BanK\KMUTT\Y3T1\Low Level CUDA\Proj RTX CUDA Game\CudaWinGL\CudaWinGL_starter\includes\glm\ext\../detail/type_vec4.hpp(248): warning #20012-D: __host__ annotation is ignored on a function("operator=") that is explicitly defaulted on its first declaration
    		__declspec(__device__) __declspec(__host__)  vec<4, T, Q>& operator=(vec<4, T, Q> const& v) = default;
    		                                  ^
  
C:\BanK\KMUTT\Y3T1\Low Level CUDA\Proj RTX CUDA Game\CudaWinGL\CudaWinGL_starter\includes\glm\ext\../detail/type_mat2x2.hpp(35): warning #20012-D: __device__ annotation is ignored on a function("mat") that is explicitly defaulted on its first declaration
    		__declspec(__device__) __declspec(__host__)  mat() = default;
    		           ^
  
C:\BanK\KMUTT\Y3T1\Low Level CUDA\Proj RTX CUDA Game\CudaWinGL\CudaWinGL_starter\includes\glm\ext\../detail/type_mat2x2.hpp(35): warning #20012-D: __host__ annotation is ignored on a function("mat") that is explicitly defaulted on its first declaration
    		__declspec(__device__) __declspec(__host__)  mat() = default;
    		                                  ^
  
C:\BanK\KMUTT\Y3T1\Low Level CUDA\Proj RTX CUDA Game\CudaWinGL\CudaWinGL_starter\includes\glm\ext\../detail/type_mat2x3.hpp(36): warning #20012-D: __device__ annotation is ignored on a function("mat") that is explicitly defaulted on its first declaration
    		__declspec(__device__) __declspec(__host__)  mat() = default;
    		           ^
  
C:\BanK\KMUTT\Y3T1\Low Level CUDA\Proj RTX CUDA Game\CudaWinGL\CudaWinGL_starter\includes\glm\ext\../detail/type_mat2x3.hpp(36): warning #20012-D: __host__ annotation is ignored on a function("mat") that is explicitly defaulted on its first declaration
    		__declspec(__device__) __declspec(__host__)  mat() = default;
    		                                  ^
  
C:\BanK\KMUTT\Y3T1\Low Level CUDA\Proj RTX CUDA Game\CudaWinGL\CudaWinGL_starter\includes\glm\ext\../detail/type_mat2x4.hpp(36): warning #20012-D: __device__ annotation is ignored on a function("mat") that is explicitly defaulted on its first declaration
    		__declspec(__device__) __declspec(__host__)  mat() = default;
    		           ^
  
C:\BanK\KMUTT\Y3T1\Low Level CUDA\Proj RTX CUDA Game\CudaWinGL\CudaWinGL_starter\includes\glm\ext\../detail/type_mat2x4.hpp(36): warning #20012-D: __host__ annotation is ignored on a function("mat") that is explicitly defaulted on its first declaration
    		__declspec(__device__) __declspec(__host__)  mat() = default;
    		                                  ^
  
C:\BanK\KMUTT\Y3T1\Low Level CUDA\Proj RTX CUDA Game\CudaWinGL\CudaWinGL_starter\includes\glm\ext\../detail/type_mat3x2.hpp(36): warning #20012-D: __device__ annotation is ignored on a function("mat") that is explicitly defaulted on its first declaration
    		__declspec(__device__) __declspec(__host__)  mat() = default;
    		           ^
  
C:\BanK\KMUTT\Y3T1\Low Level CUDA\Proj RTX CUDA Game\CudaWinGL\CudaWinGL_starter\includes\glm\ext\../detail/type_mat3x2.hpp(36): warning #20012-D: __host__ annotation is ignored on a function("mat") that is explicitly defaulted on its first declaration
    		__declspec(__device__) __declspec(__host__)  mat() = default;
    		                                  ^
  
C:\BanK\KMUTT\Y3T1\Low Level CUDA\Proj RTX CUDA Game\CudaWinGL\CudaWinGL_starter\includes\glm\ext\../detail/type_mat3x3.hpp(35): warning #20012-D: __device__ annotation is ignored on a function("mat") that is explicitly defaulted on its first declaration
    		__declspec(__device__) __declspec(__host__)  mat() = default;
    		           ^
  
C:\BanK\KMUTT\Y3T1\Low Level CUDA\Proj RTX CUDA Game\CudaWinGL\CudaWinGL_starter\includes\glm\ext\../detail/type_mat3x3.hpp(35): warning #20012-D: __host__ annotation is ignored on a function("mat") that is explicitly defaulted on its first declaration
    		__declspec(__device__) __declspec(__host__)  mat() = default;
    		                                  ^
  
C:\BanK\KMUTT\Y3T1\Low Level CUDA\Proj RTX CUDA Game\CudaWinGL\CudaWinGL_starter\includes\glm\ext\../detail/type_mat3x4.hpp(36): warning #20012-D: __device__ annotation is ignored on a function("mat") that is explicitly defaulted on its first declaration
    		__declspec(__device__) __declspec(__host__)  mat() = default;
    		           ^
  
C:\BanK\KMUTT\Y3T1\Low Level CUDA\Proj RTX CUDA Game\CudaWinGL\CudaWinGL_starter\includes\glm\ext\../detail/type_mat3x4.hpp(36): warning #20012-D: __host__ annotation is ignored on a function("mat") that is explicitly defaulted on its first declaration
    		__declspec(__device__) __declspec(__host__)  mat() = default;
    		                                  ^
  
C:\BanK\KMUTT\Y3T1\Low Level CUDA\Proj RTX CUDA Game\CudaWinGL\CudaWinGL_starter\includes\glm\ext\../detail/type_mat4x2.hpp(36): warning #20012-D: __device__ annotation is ignored on a function("mat") that is explicitly defaulted on its first declaration
    		__declspec(__device__) __declspec(__host__)  mat() = default;
    		           ^
  
C:\BanK\KMUTT\Y3T1\Low Level CUDA\Proj RTX CUDA Game\CudaWinGL\CudaWinGL_starter\includes\glm\ext\../detail/type_mat4x2.hpp(36): warning #20012-D: __host__ annotation is ignored on a function("mat") that is explicitly defaulted on its first declaration
    		__declspec(__device__) __declspec(__host__)  mat() = default;
    		                                  ^
  
C:\BanK\KMUTT\Y3T1\Low Level CUDA\Proj RTX CUDA Game\CudaWinGL\CudaWinGL_starter\includes\glm\ext\../detail/type_mat4x3.hpp(36): warning #20012-D: __device__ annotation is ignored on a function("mat") that is explicitly defaulted on its first declaration
    		__declspec(__device__) __declspec(__host__)  mat() = default;
    		           ^
  
C:\BanK\KMUTT\Y3T1\Low Level CUDA\Proj RTX CUDA Game\CudaWinGL\CudaWinGL_starter\includes\glm\ext\../detail/type_mat4x3.hpp(36): warning #20012-D: __host__ annotation is ignored on a function("mat") that is explicitly defaulted on its first declaration
    		__declspec(__device__) __declspec(__host__)  mat() = default;
    		                                  ^
  
C:\BanK\KMUTT\Y3T1\Low Level CUDA\Proj RTX CUDA Game\CudaWinGL\CudaWinGL_starter\includes\glm\ext\../detail/type_mat4x4.hpp(35): warning #20012-D: __device__ annotation is ignored on a function("mat") that is explicitly defaulted on its first declaration
    		__declspec(__device__) __declspec(__host__)  mat() = default;
    		           ^
  
C:\BanK\KMUTT\Y3T1\Low Level CUDA\Proj RTX CUDA Game\CudaWinGL\CudaWinGL_starter\includes\glm\ext\../detail/type_mat4x4.hpp(35): warning #20012-D: __host__ annotation is ignored on a function("mat") that is explicitly defaulted on its first declaration
    		__declspec(__device__) __declspec(__host__)  mat() = default;
    		                                  ^
  
C:\BanK\KMUTT\Y3T1\Low Level CUDA\Proj RTX CUDA Game\CudaWinGL\CudaWinGL_starter\includes\glm\detail/type_vec1.hpp(95): warning #20012-D: __device__ annotation is ignored on a function("vec") that is explicitly defaulted on its first declaration
    		__declspec(__device__) __declspec(__host__)  vec() = default;
    		           ^
  
C:\BanK\KMUTT\Y3T1\Low Level CUDA\Proj RTX CUDA Game\CudaWinGL\CudaWinGL_starter\includes\glm\detail/type_vec1.hpp(95): warning #20012-D: __host__ annotation is ignored on a function("vec") that is explicitly defaulted on its first declaration
    		__declspec(__device__) __declspec(__host__)  vec() = default;
    		                                  ^
  
C:\BanK\KMUTT\Y3T1\Low Level CUDA\Proj RTX CUDA Game\CudaWinGL\CudaWinGL_starter\includes\glm\detail/type_vec1.hpp(96): warning #20012-D: __device__ annotation is ignored on a function("vec") that is explicitly defaulted on its first declaration
    		__declspec(__device__) __declspec(__host__)  vec(vec const& v) = default;
    		           ^
  
C:\BanK\KMUTT\Y3T1\Low Level CUDA\Proj RTX CUDA Game\CudaWinGL\CudaWinGL_starter\includes\glm\detail/type_vec1.hpp(96): warning #20012-D: __host__ annotation is ignored on a function("vec") that is explicitly defaulted on its first declaration
    		__declspec(__device__) __declspec(__host__)  vec(vec const& v) = default;
    		                                  ^
  
C:\BanK\KMUTT\Y3T1\Low Level CUDA\Proj RTX CUDA Game\CudaWinGL\CudaWinGL_starter\includes\glm\detail/type_vec1.hpp(132): warning #20012-D: __device__ annotation is ignored on a function("operator=") that is explicitly defaulted on its first declaration
    		__declspec(__device__) __declspec(__host__)  vec<1, T, Q> & operator=(vec const& v) = default;
    		           ^
  
C:\BanK\KMUTT\Y3T1\Low Level CUDA\Proj RTX CUDA Game\CudaWinGL\CudaWinGL_starter\includes\glm\detail/type_vec1.hpp(132): warning #20012-D: __host__ annotation is ignored on a function("operator=") that is explicitly defaulted on its first declaration
    		__declspec(__device__) __declspec(__host__)  vec<1, T, Q> & operator=(vec const& v) = default;
    		                                  ^
  
C:\Program Files (x86)\Windows Kits\10\Include\10.0.22000.0\shared\minwindef.h(130): warning C4005: 'APIENTRY': macro redefinition
C:\BanK\KMUTT\Y3T1\Low Level CUDA\Proj RTX CUDA Game\CudaWinGL\CudaWinGL_starter\includes/stb_image.h(3930): warning #550-D: variable "old_limit" was set but never used
        int cur, limit, old_limit;
                        ^
  
  Remark: The warnings can be suppressed with "-diag-suppress <warning-number>"
  
C:\BanK\KMUTT\Y3T1\Low Level CUDA\Proj RTX CUDA Game\CudaWinGL\CudaWinGL_starter\includes/stb_image.h(4817): warning #550-D: variable "idata_limit_old" was set but never used
                    stbi__uint32 idata_limit_old = idata_limit;
                                 ^
  
C:\BanK\KMUTT\Y3T1\Low Level CUDA\Proj RTX CUDA Game\CudaWinGL\CudaWinGL_starter\includes\glm\ext\../detail/type_vec2.hpp(94): warning #20012-D: __device__ annotation is ignored on a function("vec") that is explicitly defaulted on its first declaration
    		__declspec(__device__) __declspec(__host__)  vec() = default;
    		           ^
  
C:\BanK\KMUTT\Y3T1\Low Level CUDA\Proj RTX CUDA Game\CudaWinGL\CudaWinGL_starter\includes\glm\ext\../detail/type_vec2.hpp(94): warning #20012-D: __host__ annotation is ignored on a function("vec") that is explicitly defaulted on its first declaration
    		__declspec(__device__) __declspec(__host__)  vec() = default;
    		                                  ^
  
C:\BanK\KMUTT\Y3T1\Low Level CUDA\Proj RTX CUDA Game\CudaWinGL\CudaWinGL_starter\includes\glm\ext\../detail/type_vec2.hpp(95): warning #20012-D: __device__ annotation is ignored on a function("vec") that is explicitly defaulted on its first declaration
    		__declspec(__device__) __declspec(__host__)  vec(vec const& v) = default;
    		           ^
  
C:\BanK\KMUTT\Y3T1\Low Level CUDA\Proj RTX CUDA Game\CudaWinGL\CudaWinGL_starter\includes\glm\ext\../detail/type_vec2.hpp(95): warning #20012-D: __host__ annotation is ignored on a function("vec") that is explicitly defaulted on its first declaration
    		__declspec(__device__) __declspec(__host__)  vec(vec const& v) = default;
    		                                  ^
  
C:\BanK\KMUTT\Y3T1\Low Level CUDA\Proj RTX CUDA Game\CudaWinGL\CudaWinGL_starter\includes\glm\ext\../detail/type_vec2.hpp(143): warning #20012-D: __device__ annotation is ignored on a function("operator=") that is explicitly defaulted on its first declaration
    		__declspec(__device__) __declspec(__host__)  vec<2, T, Q> & operator=(vec const& v) = default;
    		           ^
  
C:\BanK\KMUTT\Y3T1\Low Level CUDA\Proj RTX CUDA Game\CudaWinGL\CudaWinGL_starter\includes\glm\ext\../detail/type_vec2.hpp(143): warning #20012-D: __host__ annotation is ignored on a function("operator=") that is explicitly defaulted on its first declaration
    		__declspec(__device__) __declspec(__host__)  vec<2, T, Q> & operator=(vec const& v) = default;
    		                                  ^
  
C:\BanK\KMUTT\Y3T1\Low Level CUDA\Proj RTX CUDA Game\CudaWinGL\CudaWinGL_starter\includes\glm\ext\../detail/type_vec3.hpp(98): warning #20012-D: __device__ annotation is ignored on a function("vec") that is explicitly defaulted on its first declaration
    		__declspec(__device__) __declspec(__host__)  vec() = default;
    		           ^
  
C:\BanK\KMUTT\Y3T1\Low Level CUDA\Proj RTX CUDA Game\CudaWinGL\CudaWinGL_starter\includes\glm\ext\../detail/type_vec3.hpp(98): warning #20012-D: __host__ annotation is ignored on a function("vec") that is explicitly defaulted on its first declaration
    		__declspec(__device__) __declspec(__host__)  vec() = default;
    		                                  ^
  
C:\BanK\KMUTT\Y3T1\Low Level CUDA\Proj RTX CUDA Game\CudaWinGL\CudaWinGL_starter\includes\glm\ext\../detail/type_vec3.hpp(99): warning #20012-D: __device__ annotation is ignored on a function("vec") that is explicitly defaulted on its first declaration
    		__declspec(__device__) __declspec(__host__)  vec(vec const& v) = default;
    		           ^
  
C:\BanK\KMUTT\Y3T1\Low Level CUDA\Proj RTX CUDA Game\CudaWinGL\CudaWinGL_starter\includes\glm\ext\../detail/type_vec3.hpp(99): warning #20012-D: __host__ annotation is ignored on a function("vec") that is explicitly defaulted on its first declaration
    		__declspec(__device__) __declspec(__host__)  vec(vec const& v) = default;
    		                                  ^
  
C:\BanK\KMUTT\Y3T1\Low Level CUDA\Proj RTX CUDA Game\CudaWinGL\CudaWinGL_starter\includes\glm\ext\../detail/type_vec3.hpp(176): warning #20012-D: __device__ annotation is ignored on a function("operator=") that is explicitly defaulted on its first declaration
    		__declspec(__device__) __declspec(__host__)  vec<3, T, Q>& operator=(vec<3, T, Q> const& v) = default;
    		           ^
  
C:\BanK\KMUTT\Y3T1\Low Level CUDA\Proj RTX CUDA Game\CudaWinGL\CudaWinGL_starter\includes\glm\ext\../detail/type_vec3.hpp(176): warning #20012-D: __host__ annotation is ignored on a function("operator=") that is explicitly defaulted on its first declaration
    		__declspec(__device__) __declspec(__host__)  vec<3, T, Q>& operator=(vec<3, T, Q> const& v) = default;
    		                                  ^
  
C:\BanK\KMUTT\Y3T1\Low Level CUDA\Proj RTX CUDA Game\CudaWinGL\CudaWinGL_starter\includes\glm\ext\../detail/type_vec4.hpp(96): warning #20012-D: __device__ annotation is ignored on a function("vec") that is explicitly defaulted on its first declaration
    		__declspec(__device__) __declspec(__host__)  vec() = default;
    		           ^
  
C:\BanK\KMUTT\Y3T1\Low Level CUDA\Proj RTX CUDA Game\CudaWinGL\CudaWinGL_starter\includes\glm\ext\../detail/type_vec4.hpp(96): warning #20012-D: __host__ annotation is ignored on a function("vec") that is explicitly defaulted on its first declaration
    		__declspec(__device__) __declspec(__host__)  vec() = default;
    		                                  ^
  
C:\BanK\KMUTT\Y3T1\Low Level CUDA\Proj RTX CUDA Game\CudaWinGL\CudaWinGL_starter\includes\glm\ext\../detail/type_vec4.hpp(97): warning #20012-D: __device__ annotation is ignored on a function("vec") that is explicitly defaulted on its first declaration
    		__declspec(__device__) __declspec(__host__)  vec(vec<4, T, Q> const& v) = default;
    		           ^
  
C:\BanK\KMUTT\Y3T1\Low Level CUDA\Proj RTX CUDA Game\CudaWinGL\CudaWinGL_starter\includes\glm\ext\../detail/type_vec4.hpp(97): warning #20012-D: __host__ annotation is ignored on a function("vec") that is explicitly defaulted on its first declaration
    		__declspec(__device__) __declspec(__host__)  vec(vec<4, T, Q> const& v) = default;
    		                                  ^
  
C:\BanK\KMUTT\Y3T1\Low Level CUDA\Proj RTX CUDA Game\CudaWinGL\CudaWinGL_starter\includes\glm\ext\../detail/type_vec4.hpp(248): warning #20012-D: __device__ annotation is ignored on a function("operator=") that is explicitly defaulted on its first declaration
    		__declspec(__device__) __declspec(__host__)  vec<4, T, Q>& operator=(vec<4, T, Q> const& v) = default;
    		           ^
  
C:\BanK\KMUTT\Y3T1\Low Level CUDA\Proj RTX CUDA Game\CudaWinGL\CudaWinGL_starter\includes\glm\ext\../detail/type_vec4.hpp(248): warning #20012-D: __host__ annotation is ignored on a function("operator=") that is explicitly defaulted on its first declaration
    		__declspec(__device__) __declspec(__host__)  vec<4, T, Q>& operator=(vec<4, T, Q> const& v) = default;
    		                                  ^
  
C:\BanK\KMUTT\Y3T1\Low Level CUDA\Proj RTX CUDA Game\CudaWinGL\CudaWinGL_starter\includes\glm\ext\../detail/type_mat2x2.hpp(35): warning #20012-D: __device__ annotation is ignored on a function("mat") that is explicitly defaulted on its first declaration
    		__declspec(__device__) __declspec(__host__)  mat() = default;
    		           ^
  
C:\BanK\KMUTT\Y3T1\Low Level CUDA\Proj RTX CUDA Game\CudaWinGL\CudaWinGL_starter\includes\glm\ext\../detail/type_mat2x2.hpp(35): warning #20012-D: __host__ annotation is ignored on a function("mat") that is explicitly defaulted on its first declaration
    		__declspec(__device__) __declspec(__host__)  mat() = default;
    		                                  ^
  
C:\BanK\KMUTT\Y3T1\Low Level CUDA\Proj RTX CUDA Game\CudaWinGL\CudaWinGL_starter\includes\glm\ext\../detail/type_mat2x3.hpp(36): warning #20012-D: __device__ annotation is ignored on a function("mat") that is explicitly defaulted on its first declaration
    		__declspec(__device__) __declspec(__host__)  mat() = default;
    		           ^
  
C:\BanK\KMUTT\Y3T1\Low Level CUDA\Proj RTX CUDA Game\CudaWinGL\CudaWinGL_starter\includes\glm\ext\../detail/type_mat2x3.hpp(36): warning #20012-D: __host__ annotation is ignored on a function("mat") that is explicitly defaulted on its first declaration
    		__declspec(__device__) __declspec(__host__)  mat() = default;
    		                                  ^
  
C:\BanK\KMUTT\Y3T1\Low Level CUDA\Proj RTX CUDA Game\CudaWinGL\CudaWinGL_starter\includes\glm\ext\../detail/type_mat2x4.hpp(36): warning #20012-D: __device__ annotation is ignored on a function("mat") that is explicitly defaulted on its first declaration
    		__declspec(__device__) __declspec(__host__)  mat() = default;
    		           ^
  
C:\BanK\KMUTT\Y3T1\Low Level CUDA\Proj RTX CUDA Game\CudaWinGL\CudaWinGL_starter\includes\glm\ext\../detail/type_mat2x4.hpp(36): warning #20012-D: __host__ annotation is ignored on a function("mat") that is explicitly defaulted on its first declaration
    		__declspec(__device__) __declspec(__host__)  mat() = default;
    		                                  ^
  
C:\BanK\KMUTT\Y3T1\Low Level CUDA\Proj RTX CUDA Game\CudaWinGL\CudaWinGL_starter\includes\glm\ext\../detail/type_mat3x2.hpp(36): warning #20012-D: __device__ annotation is ignored on a function("mat") that is explicitly defaulted on its first declaration
    		__declspec(__device__) __declspec(__host__)  mat() = default;
    		           ^
  
C:\BanK\KMUTT\Y3T1\Low Level CUDA\Proj RTX CUDA Game\CudaWinGL\CudaWinGL_starter\includes\glm\ext\../detail/type_mat3x2.hpp(36): warning #20012-D: __host__ annotation is ignored on a function("mat") that is explicitly defaulted on its first declaration
    		__declspec(__device__) __declspec(__host__)  mat() = default;
    		                                  ^
  
C:\BanK\KMUTT\Y3T1\Low Level CUDA\Proj RTX CUDA Game\CudaWinGL\CudaWinGL_starter\includes\glm\ext\../detail/type_mat3x3.hpp(35): warning #20012-D: __device__ annotation is ignored on a function("mat") that is explicitly defaulted on its first declaration
    		__declspec(__device__) __declspec(__host__)  mat() = default;
    		           ^
  
C:\BanK\KMUTT\Y3T1\Low Level CUDA\Proj RTX CUDA Game\CudaWinGL\CudaWinGL_starter\includes\glm\ext\../detail/type_mat3x3.hpp(35): warning #20012-D: __host__ annotation is ignored on a function("mat") that is explicitly defaulted on its first declaration
    		__declspec(__device__) __declspec(__host__)  mat() = default;
    		                                  ^
  
C:\BanK\KMUTT\Y3T1\Low Level CUDA\Proj RTX CUDA Game\CudaWinGL\CudaWinGL_starter\includes\glm\ext\../detail/type_mat3x4.hpp(36): warning #20012-D: __device__ annotation is ignored on a function("mat") that is explicitly defaulted on its first declaration
    		__declspec(__device__) __declspec(__host__)  mat() = default;
    		           ^
  
C:\BanK\KMUTT\Y3T1\Low Level CUDA\Proj RTX CUDA Game\CudaWinGL\CudaWinGL_starter\includes\glm\ext\../detail/type_mat3x4.hpp(36): warning #20012-D: __host__ annotation is ignored on a function("mat") that is explicitly defaulted on its first declaration
    		__declspec(__device__) __declspec(__host__)  mat() = default;
    		                                  ^
  
C:\BanK\KMUTT\Y3T1\Low Level CUDA\Proj RTX CUDA Game\CudaWinGL\CudaWinGL_starter\includes\glm\ext\../detail/type_mat4x2.hpp(36): warning #20012-D: __device__ annotation is ignored on a function("mat") that is explicitly defaulted on its first declaration
    		__declspec(__device__) __declspec(__host__)  mat() = default;
    		           ^
  
C:\BanK\KMUTT\Y3T1\Low Level CUDA\Proj RTX CUDA Game\CudaWinGL\CudaWinGL_starter\includes\glm\ext\../detail/type_mat4x2.hpp(36): warning #20012-D: __host__ annotation is ignored on a function("mat") that is explicitly defaulted on its first declaration
    		__declspec(__device__) __declspec(__host__)  mat() = default;
    		                                  ^
  
C:\BanK\KMUTT\Y3T1\Low Level CUDA\Proj RTX CUDA Game\CudaWinGL\CudaWinGL_starter\includes\glm\ext\../detail/type_mat4x3.hpp(36): warning #20012-D: __device__ annotation is ignored on a function("mat") that is explicitly defaulted on its first declaration
    		__declspec(__device__) __declspec(__host__)  mat() = default;
    		           ^
  
C:\BanK\KMUTT\Y3T1\Low Level CUDA\Proj RTX CUDA Game\CudaWinGL\CudaWinGL_starter\includes\glm\ext\../detail/type_mat4x3.hpp(36): warning #20012-D: __host__ annotation is ignored on a function("mat") that is explicitly defaulted on its first declaration
    		__declspec(__device__) __declspec(__host__)  mat() = default;
    		                                  ^
  
C:\BanK\KMUTT\Y3T1\Low Level CUDA\Proj RTX CUDA Game\CudaWinGL\CudaWinGL_starter\includes\glm\ext\../detail/type_mat4x4.hpp(35): warning #20012-D: __device__ annotation is ignored on a function("mat") that is explicitly defaulted on its first declaration
    		__declspec(__device__) __declspec(__host__)  mat() = default;
    		           ^
  
C:\BanK\KMUTT\Y3T1\Low Level CUDA\Proj RTX CUDA Game\CudaWinGL\CudaWinGL_starter\includes\glm\ext\../detail/type_mat4x4.hpp(35): warning #20012-D: __host__ annotation is ignored on a function("mat") that is explicitly defaulted on its first declaration
    		__declspec(__device__) __declspec(__host__)  mat() = default;
    		                                  ^
  
C:\BanK\KMUTT\Y3T1\Low Level CUDA\Proj RTX CUDA Game\CudaWinGL\CudaWinGL_starter\includes\glm\detail/type_vec1.hpp(95): warning #20012-D: __device__ annotation is ignored on a function("vec") that is explicitly defaulted on its first declaration
    		__declspec(__device__) __declspec(__host__)  vec() = default;
    		           ^
  
C:\BanK\KMUTT\Y3T1\Low Level CUDA\Proj RTX CUDA Game\CudaWinGL\CudaWinGL_starter\includes\glm\detail/type_vec1.hpp(95): warning #20012-D: __host__ annotation is ignored on a function("vec") that is explicitly defaulted on its first declaration
    		__declspec(__device__) __declspec(__host__)  vec() = default;
    		                                  ^
  
C:\BanK\KMUTT\Y3T1\Low Level CUDA\Proj RTX CUDA Game\CudaWinGL\CudaWinGL_starter\includes\glm\detail/type_vec1.hpp(96): warning #20012-D: __device__ annotation is ignored on a function("vec") that is explicitly defaulted on its first declaration
    		__declspec(__device__) __declspec(__host__)  vec(vec const& v) = default;
    		           ^
  
C:\BanK\KMUTT\Y3T1\Low Level CUDA\Proj RTX CUDA Game\CudaWinGL\CudaWinGL_starter\includes\glm\detail/type_vec1.hpp(96): warning #20012-D: __host__ annotation is ignored on a function("vec") that is explicitly defaulted on its first declaration
    		__declspec(__device__) __declspec(__host__)  vec(vec const& v) = default;
    		                                  ^
  
C:\BanK\KMUTT\Y3T1\Low Level CUDA\Proj RTX CUDA Game\CudaWinGL\CudaWinGL_starter\includes\glm\detail/type_vec1.hpp(132): warning #20012-D: __device__ annotation is ignored on a function("operator=") that is explicitly defaulted on its first declaration
    		__declspec(__device__) __declspec(__host__)  vec<1, T, Q> & operator=(vec const& v) = default;
    		           ^
  
C:\BanK\KMUTT\Y3T1\Low Level CUDA\Proj RTX CUDA Game\CudaWinGL\CudaWinGL_starter\includes\glm\detail/type_vec1.hpp(132): warning #20012-D: __host__ annotation is ignored on a function("operator=") that is explicitly defaulted on its first declaration
    		__declspec(__device__) __declspec(__host__)  vec<1, T, Q> & operator=(vec const& v) = default;
    		                                  ^
  
C:\BanK\KMUTT\Y3T1\Low Level CUDA\Proj RTX CUDA Game\CudaWinGL\CudaWinGL_starter\camera.h(45): warning #550-D: variable "right" was set but never used
            glm::vec3 right;
                      ^
  
C:\BanK\KMUTT\Y3T1\Low Level CUDA\Proj RTX CUDA Game\CudaWinGL\CudaWinGL_starter\Engine\_Def2.h(42): warning #177-D: variable "RandSpread" was declared but never referenced
                    float RandSpread = 5;
                          ^
  
C:\BanK\KMUTT\Y3T1\Low Level CUDA\Proj RTX CUDA Game\CudaWinGL\CudaWinGL_starter\Engine\_Def2.h(33): warning #177-D: variable "Spread" was declared but never referenced
            float Spread = 1.75f;
                  ^
  
C:\BanK\KMUTT\Y3T1\Low Level CUDA\Proj RTX CUDA Game\CudaWinGL\CudaWinGL_starter\main.cu(184): warning #177-D: variable "CenterStarGel" was declared but never referenced
            vec3& CenterStarGel = a_sphere_world.center[a_sphere_world.B_CenterStarGel];
                  ^
  
C:\BanK\KMUTT\Y3T1\Low Level CUDA\Proj RTX CUDA Game\CudaWinGL\CudaWinGL_starter\main.cu(197): warning #550-D: variable "Vector_Up" was set but never used
                glm::vec3 Vector_Up;
                          ^
  
  main.cu
  tmpxft_000061b4_00000000-7_main.cudafe1.cpp
C:\BanK\KMUTT\Y3T1\Low Level CUDA\Proj RTX CUDA Game\CudaWinGL\CudaWinGL_starter\vec3.h(65): warning C4244: 'initializing': conversion from 'double' to 'float', possible loss of data
C:\BanK\KMUTT\Y3T1\Low Level CUDA\Proj RTX CUDA Game\CudaWinGL\CudaWinGL_starter\vec3.h(144): warning C4244: 'initializing': conversion from 'double' to 'float', possible loss of data
C:\BanK\KMUTT\Y3T1\Low Level CUDA\Proj RTX CUDA Game\CudaWinGL\CudaWinGL_starter\Engine\_Def1.h(55): warning C4305: 'initializing': truncation from 'double' to 'float'
C:\BanK\KMUTT\Y3T1\Low Level CUDA\Proj RTX CUDA Game\CudaWinGL\CudaWinGL_starter\Engine\_Def2.h(44): warning C4244: 'argument': conversion from 'float' to 'int', possible loss of data
C:\BanK\KMUTT\Y3T1\Low Level CUDA\Proj RTX CUDA Game\CudaWinGL\CudaWinGL_starter\Engine\_Def2.h(44): warning C4244: 'argument': conversion from 'float' to 'int', possible loss of data
C:\BanK\KMUTT\Y3T1\Low Level CUDA\Proj RTX CUDA Game\CudaWinGL\CudaWinGL_starter\Engine\_Def2.h(44): warning C4244: '=': conversion from 'int' to 'float', possible loss of data
C:\BanK\KMUTT\Y3T1\Low Level CUDA\Proj RTX CUDA Game\CudaWinGL\CudaWinGL_starter\Engine\_Def2.h(45): warning C4244: 'argument': conversion from 'float' to 'int', possible loss of data
C:\BanK\KMUTT\Y3T1\Low Level CUDA\Proj RTX CUDA Game\CudaWinGL\CudaWinGL_starter\Engine\_Def2.h(45): warning C4244: 'argument': conversion from 'float' to 'int', possible loss of data
C:\BanK\KMUTT\Y3T1\Low Level CUDA\Proj RTX CUDA Game\CudaWinGL\CudaWinGL_starter\Engine\_Def2.h(45): warning C4244: '=': conversion from 'int' to 'float', possible loss of data
C:\BanK\KMUTT\Y3T1\Low Level CUDA\Proj RTX CUDA Game\CudaWinGL\CudaWinGL_starter\Engine\_Def2.h(46): warning C4244: 'argument': conversion from 'float' to 'int', possible loss of data
C:\BanK\KMUTT\Y3T1\Low Level CUDA\Proj RTX CUDA Game\CudaWinGL\CudaWinGL_starter\Engine\_Def2.h(46): warning C4244: 'argument': conversion from 'float' to 'int', possible loss of data
C:\BanK\KMUTT\Y3T1\Low Level CUDA\Proj RTX CUDA Game\CudaWinGL\CudaWinGL_starter\Engine\_Def2.h(46): warning C4244: '=': conversion from 'int' to 'float', possible loss of data
C:\BanK\KMUTT\Y3T1\Low Level CUDA\Proj RTX CUDA Game\CudaWinGL\CudaWinGL_starter\Engine\_Def2.h(48): warning C4305: 'argument': truncation from 'double' to 'float'
C:\BanK\KMUTT\Y3T1\Low Level CUDA\Proj RTX CUDA Game\CudaWinGL\CudaWinGL_starter\Engine\_Def2.h(69): warning C4244: '=': conversion from 'double' to 'float', possible loss of data
C:\BanK\KMUTT\Y3T1\Low Level CUDA\Proj RTX CUDA Game\CudaWinGL\CudaWinGL_starter\Engine\_Def2.h(79): warning C4305: 'initializing': truncation from 'double' to 'float'
C:\BanK\KMUTT\Y3T1\Low Level CUDA\Proj RTX CUDA Game\CudaWinGL\CudaWinGL_starter\Engine\_Def2.h(83): warning C4244: '=': conversion from 'double' to 'float', possible loss of data
C:\BanK\KMUTT\Y3T1\Low Level CUDA\Proj RTX CUDA Game\CudaWinGL\CudaWinGL_starter\Engine\_Def2.h(90): warning C4305: '=': truncation from 'double' to 'float'
C:\BanK\KMUTT\Y3T1\Low Level CUDA\Proj RTX CUDA Game\CudaWinGL\CudaWinGL_starter\Engine\_Def2.h(92): warning C4244: '=': conversion from 'double' to 'float', possible loss of data
C:\BanK\KMUTT\Y3T1\Low Level CUDA\Proj RTX CUDA Game\CudaWinGL\CudaWinGL_starter\Engine\_Def2.h(102): warning C4305: '=': truncation from 'double' to 'float'
C:\BanK\KMUTT\Y3T1\Low Level CUDA\Proj RTX CUDA Game\CudaWinGL\CudaWinGL_starter\Engine\_Def2.h(111): warning C4305: 'argument': truncation from 'double' to 'float'
C:\BanK\KMUTT\Y3T1\Low Level CUDA\Proj RTX CUDA Game\CudaWinGL\CudaWinGL_starter\Engine\_Def2.h(169): warning C4244: 'argument': conversion from 'float' to 'int', possible loss of data
C:\BanK\KMUTT\Y3T1\Low Level CUDA\Proj RTX CUDA Game\CudaWinGL\CudaWinGL_starter\Engine\_Def2.h(169): warning C4244: 'argument': conversion from 'float' to 'int', possible loss of data
C:\BanK\KMUTT\Y3T1\Low Level CUDA\Proj RTX CUDA Game\CudaWinGL\CudaWinGL_starter\Engine\_Def2.h(169): warning C4244: 'argument': conversion from 'float' to 'int', possible loss of data
C:\BanK\KMUTT\Y3T1\Low Level CUDA\Proj RTX CUDA Game\CudaWinGL\CudaWinGL_starter\Engine\_Def2.h(169): warning C4244: 'argument': conversion from 'float' to 'int', possible loss of data
C:\BanK\KMUTT\Y3T1\Low Level CUDA\Proj RTX CUDA Game\CudaWinGL\CudaWinGL_starter\Engine\_Def2.h(169): warning C4244: 'argument': conversion from 'float' to 'int', possible loss of data
C:\BanK\KMUTT\Y3T1\Low Level CUDA\Proj RTX CUDA Game\CudaWinGL\CudaWinGL_starter\Engine\_Def2.h(169): warning C4244: 'argument': conversion from 'float' to 'int', possible loss of data
C:\BanK\KMUTT\Y3T1\Low Level CUDA\Proj RTX CUDA Game\CudaWinGL\CudaWinGL_starter\main.cu(254): warning C4305: 'argument': truncation from 'double' to 'float'
C:\BanK\KMUTT\Y3T1\Low Level CUDA\Proj RTX CUDA Game\CudaWinGL\CudaWinGL_starter\main.cu(255): warning C4305: 'argument': truncation from 'double' to 'float'
C:\BanK\KMUTT\Y3T1\Low Level CUDA\Proj RTX CUDA Game\CudaWinGL\CudaWinGL_starter\main.cu(141): warning C4996: 'cudaMemcpyToArray': was declared deprecated
glfw3.lib(init.obj) : warning LNK4099: PDB '' was not found with 'glfw3.lib(init.obj)' or at ''; linking object as if no debug info
glfw3.lib(window.obj) : warning LNK4099: PDB '' was not found with 'glfw3.lib(window.obj)' or at ''; linking object as if no debug info
glfw3.lib(input.obj) : warning LNK4099: PDB '' was not found with 'glfw3.lib(input.obj)' or at ''; linking object as if no debug info
glfw3.lib(context.obj) : warning LNK4099: PDB '' was not found with 'glfw3.lib(context.obj)' or at ''; linking object as if no debug info
glfw3.lib(win32_window.obj) : warning LNK4099: PDB '' was not found with 'glfw3.lib(win32_window.obj)' or at ''; linking object as if no debug info
glfw3.lib(win32_init.obj) : warning LNK4099: PDB '' was not found with 'glfw3.lib(win32_init.obj)' or at ''; linking object as if no debug info
glfw3.lib(win32_monitor.obj) : warning LNK4099: PDB '' was not found with 'glfw3.lib(win32_monitor.obj)' or at ''; linking object as if no debug info
glfw3.lib(win32_time.obj) : warning LNK4099: PDB '' was not found with 'glfw3.lib(win32_time.obj)' or at ''; linking object as if no debug info
glfw3.lib(win32_thread.obj) : warning LNK4099: PDB '' was not found with 'glfw3.lib(win32_thread.obj)' or at ''; linking object as if no debug info
glfw3.lib(monitor.obj) : warning LNK4099: PDB '' was not found with 'glfw3.lib(monitor.obj)' or at ''; linking object as if no debug info
glfw3.lib(vulkan.obj) : warning LNK4099: PDB '' was not found with 'glfw3.lib(vulkan.obj)' or at ''; linking object as if no debug info
glfw3.lib(win32_joystick.obj) : warning LNK4099: PDB '' was not found with 'glfw3.lib(win32_joystick.obj)' or at ''; linking object as if no debug info
glfw3.lib(wgl_context.obj) : warning LNK4099: PDB '' was not found with 'glfw3.lib(wgl_context.obj)' or at ''; linking object as if no debug info
glfw3.lib(egl_context.obj) : warning LNK4099: PDB '' was not found with 'glfw3.lib(egl_context.obj)' or at ''; linking object as if no debug info
glfw3.lib(osmesa_context.obj) : warning LNK4099: PDB '' was not found with 'glfw3.lib(osmesa_context.obj)' or at ''; linking object as if no debug info
     Creating library C:\BanK\KMUTT\Y3T1\Low Level CUDA\Proj RTX CUDA Game\CudaWinGL\x64\Debug\CudaWinGL_starter.lib and object C:\BanK\KMUTT\Y3T1\Low Level CUDA\Proj RTX CUDA Game\CudaWinGL\x64\Debug\CudaWinGL_starter.exp
LINK : warning LNK4098: defaultlib 'LIBCMT' conflicts with use of other libs; use /NODEFAULTLIB:library
  CudaWinGL_starter.vcxproj -> C:\BanK\KMUTT\Y3T1\Low Level CUDA\Proj RTX CUDA Game\CudaWinGL\x64\Debug\CudaWinGL_starter.exe
